--------------------------------------------------------------------------------
Release 13.2 Trace  (nt64)
Copyright (c) 1995-2011 Xilinx, Inc.  All rights reserved.

F:\ISE\ISE_DS\ISE\bin\nt64\unwrapped\trce.exe -intstyle ise -v 3 -s 3 -n 3
-fastpaths -xml regfile_display.twx regfile_display.ncd -o regfile_display.twr
regfile_display.pcf -ucf regfile.ucf

Design file:              regfile_display.ncd
Physical constraint file: regfile_display.pcf
Device,package,speed:     xc6slx150,fgg484,C,-3 (PRODUCTION 1.19 2011-06-20)
Report level:             verbose report

Environment Variable      Effect 
--------------------      ------ 
NONE                      No environment variables were set
--------------------------------------------------------------------------------

INFO:Timing:2752 - To get complete path coverage, use the unconstrained paths 
   option. All paths that are not constrained will be reported in the 
   unconstrained paths section(s) of the report.
INFO:Timing:3339 - The clock-to-out numbers in this timing report are based on 
   a 50 Ohm transmission line loading model.  For the details of this model, 
   and for more information on accounting for different loading conditions, 
   please see the device datasheet.

================================================================================
Timing constraint: TS_clk = PERIOD TIMEGRP "clk" 100 ns HIGH 50%;

 18246 paths analyzed, 4014 endpoints analyzed, 0 failing endpoints
 0 timing errors detected. (0 setup errors, 0 hold errors, 0 component switching limit errors)
 Minimum period is  10.684ns.
--------------------------------------------------------------------------------

Paths for end point lcd_module/lcd_rom_module/U0/xst_blk_mem_generator/gnativebmg.native_blk_mem_gen/valid.cstr/ramloop[1].ram.r/s6_init.ram/SP.SIMPLE_PRIM18.ram (RAMB16_X3Y76.ADDRA12), 263 paths
--------------------------------------------------------------------------------
Slack (setup path):     89.316ns (requirement - (data path - clock path skew + uncertainty))
  Source:               display_value_22 (FF)
  Destination:          lcd_module/lcd_rom_module/U0/xst_blk_mem_generator/gnativebmg.native_blk_mem_gen/valid.cstr/ramloop[1].ram.r/s6_init.ram/SP.SIMPLE_PRIM18.ram (RAM)
  Requirement:          100.000ns
  Data Path Delay:      10.540ns (Levels of Logic = 8)
  Clock Path Skew:      -0.109ns (0.608 - 0.717)
  Source Clock:         clk_BUFGP rising at 0.000ns
  Destination Clock:    clk_BUFGP rising at 100.000ns
  Clock Uncertainty:    0.035ns

  Clock Uncertainty:          0.035ns  ((TSJ^2 + TIJ^2)^1/2 + DJ) / 2 + PE
    Total System Jitter (TSJ):  0.070ns
    Total Input Jitter (TIJ):   0.000ns
    Discrete Jitter (DJ):       0.000ns
    Phase Error (PE):           0.000ns

  Maximum Data Path at Slow Process Corner: display_value_22 to lcd_module/lcd_rom_module/U0/xst_blk_mem_generator/gnativebmg.native_blk_mem_gen/valid.cstr/ramloop[1].ram.r/s6_init.ram/SP.SIMPLE_PRIM18.ram
    Location             Delay type         Delay(ns)  Physical Resource
                                                       Logical Resource(s)
    -------------------------------------------------  -------------------
    SLICE_X70Y125.AQ     Tcko                  0.408   display_value<23>
                                                       display_value_22
    SLICE_X62Y127.A3     net (fanout=1)        1.007   display_value<22>
    SLICE_X62Y127.A      Tilo                  0.205   lcd_module/lcd_draw_module/Mmux_draw_char121
                                                       lcd_module/lcd_draw_module/Mmux_draw_char122
    SLICE_X68Y137.D6     net (fanout=1)        1.388   lcd_module/lcd_draw_module/Mmux_draw_char121
    SLICE_X68Y137.CMUX   Topdc                 0.368   lcd_module/lcd_draw_module/Mmux_draw_char124
                                                       lcd_module/lcd_draw_module/Mmux_draw_char124_F
                                                       lcd_module/lcd_draw_module/Mmux_draw_char124
    SLICE_X68Y137.A2     net (fanout=1)        0.624   lcd_module/lcd_draw_module/Mmux_draw_char123
    SLICE_X68Y137.A      Tilo                  0.203   lcd_module/lcd_draw_module/Mmux_draw_char124
                                                       lcd_module/lcd_draw_module/Mmux_draw_char128
    SLICE_X68Y143.D1     net (fanout=5)        1.131   lcd_module/lcd_draw_module/Madd_GND_3_o_PWR_3_o_add_128_OUT_lut<2>
    SLICE_X68Y143.D      Tilo                  0.203   lcd_module/N10
                                                       lcd_module/lcd_draw_module/GND_3_o_draw_char[7]_AND_36_o_SW0
    SLICE_X68Y143.C6     net (fanout=1)        0.118   lcd_module/N10
    SLICE_X68Y143.C      Tilo                  0.204   lcd_module/N10
                                                       lcd_module/lcd_draw_module/GND_3_o_draw_char[7]_AND_36_o
    SLICE_X69Y147.B5     net (fanout=3)        0.585   lcd_module/lcd_draw_module/GND_3_o_draw_char[7]_AND_36_o
    SLICE_X69Y147.B      Tilo                  0.259   lcd_module/rom_addr<7>
                                                       lcd_module/lcd_draw_module/Mmux_draw_rom_pc1621
    SLICE_X69Y147.A5     net (fanout=3)        0.197   lcd_module/lcd_draw_module/Mmux_draw_rom_pc162
    SLICE_X69Y147.A      Tilo                  0.259   lcd_module/rom_addr<7>
                                                       lcd_module/lcd_draw_module/Mmux_draw_rom_pc2021
    SLICE_X69Y145.B1     net (fanout=2)        1.315   lcd_module/lcd_draw_module/Mmux_draw_rom_pc202
    SLICE_X69Y145.B      Tilo                  0.259   lcd_module/lcd_draw_module/Mmux_draw_char202
                                                       lcd_module/Mmux_rom_addr99
    RAMB16_X3Y76.ADDRA12 net (fanout=2)        1.457   lcd_module/rom_addr<8>
    RAMB16_X3Y76.CLKA    Trcck_ADDRA           0.350   lcd_module/lcd_rom_module/U0/xst_blk_mem_generator/gnativebmg.native_blk_mem_gen/valid.cstr/ramloop[1].ram.r/s6_init.ram/SP.SIMPLE_PRIM18.ram
                                                       lcd_module/lcd_rom_module/U0/xst_blk_mem_generator/gnativebmg.native_blk_mem_gen/valid.cstr/ramloop[1].ram.r/s6_init.ram/SP.SIMPLE_PRIM18.ram
    -------------------------------------------------  ---------------------------
    Total                                     10.540ns (2.718ns logic, 7.822ns route)
                                                       (25.8% logic, 74.2% route)

--------------------------------------------------------------------------------
Slack (setup path):     89.408ns (requirement - (data path - clock path skew + uncertainty))
  Source:               display_value_2 (FF)
  Destination:          lcd_module/lcd_rom_module/U0/xst_blk_mem_generator/gnativebmg.native_blk_mem_gen/valid.cstr/ramloop[1].ram.r/s6_init.ram/SP.SIMPLE_PRIM18.ram (RAM)
  Requirement:          100.000ns
  Data Path Delay:      10.349ns (Levels of Logic = 8)
  Clock Path Skew:      -0.208ns (0.608 - 0.816)
  Source Clock:         clk_BUFGP rising at 0.000ns
  Destination Clock:    clk_BUFGP rising at 100.000ns
  Clock Uncertainty:    0.035ns

  Clock Uncertainty:          0.035ns  ((TSJ^2 + TIJ^2)^1/2 + DJ) / 2 + PE
    Total System Jitter (TSJ):  0.070ns
    Total Input Jitter (TIJ):   0.000ns
    Discrete Jitter (DJ):       0.000ns
    Phase Error (PE):           0.000ns

  Maximum Data Path at Slow Process Corner: display_value_2 to lcd_module/lcd_rom_module/U0/xst_blk_mem_generator/gnativebmg.native_blk_mem_gen/valid.cstr/ramloop[1].ram.r/s6_init.ram/SP.SIMPLE_PRIM18.ram
    Location             Delay type         Delay(ns)  Physical Resource
                                                       Logical Resource(s)
    -------------------------------------------------  -------------------
    SLICE_X55Y130.AQ     Tcko                  0.391   display_value<3>
                                                       display_value_2
    SLICE_X62Y127.A5     net (fanout=1)        0.833   display_value<2>
    SLICE_X62Y127.A      Tilo                  0.205   lcd_module/lcd_draw_module/Mmux_draw_char121
                                                       lcd_module/lcd_draw_module/Mmux_draw_char122
    SLICE_X68Y137.D6     net (fanout=1)        1.388   lcd_module/lcd_draw_module/Mmux_draw_char121
    SLICE_X68Y137.CMUX   Topdc                 0.368   lcd_module/lcd_draw_module/Mmux_draw_char124
                                                       lcd_module/lcd_draw_module/Mmux_draw_char124_F
                                                       lcd_module/lcd_draw_module/Mmux_draw_char124
    SLICE_X68Y137.A2     net (fanout=1)        0.624   lcd_module/lcd_draw_module/Mmux_draw_char123
    SLICE_X68Y137.A      Tilo                  0.203   lcd_module/lcd_draw_module/Mmux_draw_char124
                                                       lcd_module/lcd_draw_module/Mmux_draw_char128
    SLICE_X68Y143.D1     net (fanout=5)        1.131   lcd_module/lcd_draw_module/Madd_GND_3_o_PWR_3_o_add_128_OUT_lut<2>
    SLICE_X68Y143.D      Tilo                  0.203   lcd_module/N10
                                                       lcd_module/lcd_draw_module/GND_3_o_draw_char[7]_AND_36_o_SW0
    SLICE_X68Y143.C6     net (fanout=1)        0.118   lcd_module/N10
    SLICE_X68Y143.C      Tilo                  0.204   lcd_module/N10
                                                       lcd_module/lcd_draw_module/GND_3_o_draw_char[7]_AND_36_o
    SLICE_X69Y147.B5     net (fanout=3)        0.585   lcd_module/lcd_draw_module/GND_3_o_draw_char[7]_AND_36_o
    SLICE_X69Y147.B      Tilo                  0.259   lcd_module/rom_addr<7>
                                                       lcd_module/lcd_draw_module/Mmux_draw_rom_pc1621
    SLICE_X69Y147.A5     net (fanout=3)        0.197   lcd_module/lcd_draw_module/Mmux_draw_rom_pc162
    SLICE_X69Y147.A      Tilo                  0.259   lcd_module/rom_addr<7>
                                                       lcd_module/lcd_draw_module/Mmux_draw_rom_pc2021
    SLICE_X69Y145.B1     net (fanout=2)        1.315   lcd_module/lcd_draw_module/Mmux_draw_rom_pc202
    SLICE_X69Y145.B      Tilo                  0.259   lcd_module/lcd_draw_module/Mmux_draw_char202
                                                       lcd_module/Mmux_rom_addr99
    RAMB16_X3Y76.ADDRA12 net (fanout=2)        1.457   lcd_module/rom_addr<8>
    RAMB16_X3Y76.CLKA    Trcck_ADDRA           0.350   lcd_module/lcd_rom_module/U0/xst_blk_mem_generator/gnativebmg.native_blk_mem_gen/valid.cstr/ramloop[1].ram.r/s6_init.ram/SP.SIMPLE_PRIM18.ram
                                                       lcd_module/lcd_rom_module/U0/xst_blk_mem_generator/gnativebmg.native_blk_mem_gen/valid.cstr/ramloop[1].ram.r/s6_init.ram/SP.SIMPLE_PRIM18.ram
    -------------------------------------------------  ---------------------------
    Total                                     10.349ns (2.701ns logic, 7.648ns route)
                                                       (26.1% logic, 73.9% route)

--------------------------------------------------------------------------------
Slack (setup path):     89.414ns (requirement - (data path - clock path skew + uncertainty))
  Source:               display_value_18 (FF)
  Destination:          lcd_module/lcd_rom_module/U0/xst_blk_mem_generator/gnativebmg.native_blk_mem_gen/valid.cstr/ramloop[1].ram.r/s6_init.ram/SP.SIMPLE_PRIM18.ram (RAM)
  Requirement:          100.000ns
  Data Path Delay:      10.271ns (Levels of Logic = 8)
  Clock Path Skew:      -0.280ns (0.608 - 0.888)
  Source Clock:         clk_BUFGP rising at 0.000ns
  Destination Clock:    clk_BUFGP rising at 100.000ns
  Clock Uncertainty:    0.035ns

  Clock Uncertainty:          0.035ns  ((TSJ^2 + TIJ^2)^1/2 + DJ) / 2 + PE
    Total System Jitter (TSJ):  0.070ns
    Total Input Jitter (TIJ):   0.000ns
    Discrete Jitter (DJ):       0.000ns
    Phase Error (PE):           0.000ns

  Maximum Data Path at Slow Process Corner: display_value_18 to lcd_module/lcd_rom_module/U0/xst_blk_mem_generator/gnativebmg.native_blk_mem_gen/valid.cstr/ramloop[1].ram.r/s6_init.ram/SP.SIMPLE_PRIM18.ram
    Location             Delay type         Delay(ns)  Physical Resource
                                                       Logical Resource(s)
    -------------------------------------------------  -------------------
    SLICE_X67Y121.AQ     Tcko                  0.391   display_value<19>
                                                       display_value_18
    SLICE_X62Y127.A6     net (fanout=1)        0.755   display_value<18>
    SLICE_X62Y127.A      Tilo                  0.205   lcd_module/lcd_draw_module/Mmux_draw_char121
                                                       lcd_module/lcd_draw_module/Mmux_draw_char122
    SLICE_X68Y137.D6     net (fanout=1)        1.388   lcd_module/lcd_draw_module/Mmux_draw_char121
    SLICE_X68Y137.CMUX   Topdc                 0.368   lcd_module/lcd_draw_module/Mmux_draw_char124
                                                       lcd_module/lcd_draw_module/Mmux_draw_char124_F
                                                       lcd_module/lcd_draw_module/Mmux_draw_char124
    SLICE_X68Y137.A2     net (fanout=1)        0.624   lcd_module/lcd_draw_module/Mmux_draw_char123
    SLICE_X68Y137.A      Tilo                  0.203   lcd_module/lcd_draw_module/Mmux_draw_char124
                                                       lcd_module/lcd_draw_module/Mmux_draw_char128
    SLICE_X68Y143.D1     net (fanout=5)        1.131   lcd_module/lcd_draw_module/Madd_GND_3_o_PWR_3_o_add_128_OUT_lut<2>
    SLICE_X68Y143.D      Tilo                  0.203   lcd_module/N10
                                                       lcd_module/lcd_draw_module/GND_3_o_draw_char[7]_AND_36_o_SW0
    SLICE_X68Y143.C6     net (fanout=1)        0.118   lcd_module/N10
    SLICE_X68Y143.C      Tilo                  0.204   lcd_module/N10
                                                       lcd_module/lcd_draw_module/GND_3_o_draw_char[7]_AND_36_o
    SLICE_X69Y147.B5     net (fanout=3)        0.585   lcd_module/lcd_draw_module/GND_3_o_draw_char[7]_AND_36_o
    SLICE_X69Y147.B      Tilo                  0.259   lcd_module/rom_addr<7>
                                                       lcd_module/lcd_draw_module/Mmux_draw_rom_pc1621
    SLICE_X69Y147.A5     net (fanout=3)        0.197   lcd_module/lcd_draw_module/Mmux_draw_rom_pc162
    SLICE_X69Y147.A      Tilo                  0.259   lcd_module/rom_addr<7>
                                                       lcd_module/lcd_draw_module/Mmux_draw_rom_pc2021
    SLICE_X69Y145.B1     net (fanout=2)        1.315   lcd_module/lcd_draw_module/Mmux_draw_rom_pc202
    SLICE_X69Y145.B      Tilo                  0.259   lcd_module/lcd_draw_module/Mmux_draw_char202
                                                       lcd_module/Mmux_rom_addr99
    RAMB16_X3Y76.ADDRA12 net (fanout=2)        1.457   lcd_module/rom_addr<8>
    RAMB16_X3Y76.CLKA    Trcck_ADDRA           0.350   lcd_module/lcd_rom_module/U0/xst_blk_mem_generator/gnativebmg.native_blk_mem_gen/valid.cstr/ramloop[1].ram.r/s6_init.ram/SP.SIMPLE_PRIM18.ram
                                                       lcd_module/lcd_rom_module/U0/xst_blk_mem_generator/gnativebmg.native_blk_mem_gen/valid.cstr/ramloop[1].ram.r/s6_init.ram/SP.SIMPLE_PRIM18.ram
    -------------------------------------------------  ---------------------------
    Total                                     10.271ns (2.701ns logic, 7.570ns route)
                                                       (26.3% logic, 73.7% route)

--------------------------------------------------------------------------------

Paths for end point lcd_module/lcd_rom_module/U0/xst_blk_mem_generator/gnativebmg.native_blk_mem_gen/valid.cstr/ramloop[0].ram.r/s6_init.ram/SP.SIMPLE_PRIM18.ram (RAMB16_X3Y74.ADDRA12), 263 paths
--------------------------------------------------------------------------------
Slack (setup path):     89.559ns (requirement - (data path - clock path skew + uncertainty))
  Source:               display_value_22 (FF)
  Destination:          lcd_module/lcd_rom_module/U0/xst_blk_mem_generator/gnativebmg.native_blk_mem_gen/valid.cstr/ramloop[0].ram.r/s6_init.ram/SP.SIMPLE_PRIM18.ram (RAM)
  Requirement:          100.000ns
  Data Path Delay:      10.299ns (Levels of Logic = 8)
  Clock Path Skew:      -0.107ns (0.610 - 0.717)
  Source Clock:         clk_BUFGP rising at 0.000ns
  Destination Clock:    clk_BUFGP rising at 100.000ns
  Clock Uncertainty:    0.035ns

  Clock Uncertainty:          0.035ns  ((TSJ^2 + TIJ^2)^1/2 + DJ) / 2 + PE
    Total System Jitter (TSJ):  0.070ns
    Total Input Jitter (TIJ):   0.000ns
    Discrete Jitter (DJ):       0.000ns
    Phase Error (PE):           0.000ns

  Maximum Data Path at Slow Process Corner: display_value_22 to lcd_module/lcd_rom_module/U0/xst_blk_mem_generator/gnativebmg.native_blk_mem_gen/valid.cstr/ramloop[0].ram.r/s6_init.ram/SP.SIMPLE_PRIM18.ram
    Location             Delay type         Delay(ns)  Physical Resource
                                                       Logical Resource(s)
    -------------------------------------------------  -------------------
    SLICE_X70Y125.AQ     Tcko                  0.408   display_value<23>
                                                       display_value_22
    SLICE_X62Y127.A3     net (fanout=1)        1.007   display_value<22>
    SLICE_X62Y127.A      Tilo                  0.205   lcd_module/lcd_draw_module/Mmux_draw_char121
                                                       lcd_module/lcd_draw_module/Mmux_draw_char122
    SLICE_X68Y137.D6     net (fanout=1)        1.388   lcd_module/lcd_draw_module/Mmux_draw_char121
    SLICE_X68Y137.CMUX   Topdc                 0.368   lcd_module/lcd_draw_module/Mmux_draw_char124
                                                       lcd_module/lcd_draw_module/Mmux_draw_char124_F
                                                       lcd_module/lcd_draw_module/Mmux_draw_char124
    SLICE_X68Y137.A2     net (fanout=1)        0.624   lcd_module/lcd_draw_module/Mmux_draw_char123
    SLICE_X68Y137.A      Tilo                  0.203   lcd_module/lcd_draw_module/Mmux_draw_char124
                                                       lcd_module/lcd_draw_module/Mmux_draw_char128
    SLICE_X68Y143.D1     net (fanout=5)        1.131   lcd_module/lcd_draw_module/Madd_GND_3_o_PWR_3_o_add_128_OUT_lut<2>
    SLICE_X68Y143.D      Tilo                  0.203   lcd_module/N10
                                                       lcd_module/lcd_draw_module/GND_3_o_draw_char[7]_AND_36_o_SW0
    SLICE_X68Y143.C6     net (fanout=1)        0.118   lcd_module/N10
    SLICE_X68Y143.C      Tilo                  0.204   lcd_module/N10
                                                       lcd_module/lcd_draw_module/GND_3_o_draw_char[7]_AND_36_o
    SLICE_X69Y147.B5     net (fanout=3)        0.585   lcd_module/lcd_draw_module/GND_3_o_draw_char[7]_AND_36_o
    SLICE_X69Y147.B      Tilo                  0.259   lcd_module/rom_addr<7>
                                                       lcd_module/lcd_draw_module/Mmux_draw_rom_pc1621
    SLICE_X69Y147.A5     net (fanout=3)        0.197   lcd_module/lcd_draw_module/Mmux_draw_rom_pc162
    SLICE_X69Y147.A      Tilo                  0.259   lcd_module/rom_addr<7>
                                                       lcd_module/lcd_draw_module/Mmux_draw_rom_pc2021
    SLICE_X69Y145.B1     net (fanout=2)        1.315   lcd_module/lcd_draw_module/Mmux_draw_rom_pc202
    SLICE_X69Y145.B      Tilo                  0.259   lcd_module/lcd_draw_module/Mmux_draw_char202
                                                       lcd_module/Mmux_rom_addr99
    RAMB16_X3Y74.ADDRA12 net (fanout=2)        1.216   lcd_module/rom_addr<8>
    RAMB16_X3Y74.CLKA    Trcck_ADDRA           0.350   lcd_module/lcd_rom_module/U0/xst_blk_mem_generator/gnativebmg.native_blk_mem_gen/valid.cstr/ramloop[0].ram.r/s6_init.ram/SP.SIMPLE_PRIM18.ram
                                                       lcd_module/lcd_rom_module/U0/xst_blk_mem_generator/gnativebmg.native_blk_mem_gen/valid.cstr/ramloop[0].ram.r/s6_init.ram/SP.SIMPLE_PRIM18.ram
    -------------------------------------------------  ---------------------------
    Total                                     10.299ns (2.718ns logic, 7.581ns route)
                                                       (26.4% logic, 73.6% route)

--------------------------------------------------------------------------------
Slack (setup path):     89.651ns (requirement - (data path - clock path skew + uncertainty))
  Source:               display_value_2 (FF)
  Destination:          lcd_module/lcd_rom_module/U0/xst_blk_mem_generator/gnativebmg.native_blk_mem_gen/valid.cstr/ramloop[0].ram.r/s6_init.ram/SP.SIMPLE_PRIM18.ram (RAM)
  Requirement:          100.000ns
  Data Path Delay:      10.108ns (Levels of Logic = 8)
  Clock Path Skew:      -0.206ns (0.610 - 0.816)
  Source Clock:         clk_BUFGP rising at 0.000ns
  Destination Clock:    clk_BUFGP rising at 100.000ns
  Clock Uncertainty:    0.035ns

  Clock Uncertainty:          0.035ns  ((TSJ^2 + TIJ^2)^1/2 + DJ) / 2 + PE
    Total System Jitter (TSJ):  0.070ns
    Total Input Jitter (TIJ):   0.000ns
    Discrete Jitter (DJ):       0.000ns
    Phase Error (PE):           0.000ns

  Maximum Data Path at Slow Process Corner: display_value_2 to lcd_module/lcd_rom_module/U0/xst_blk_mem_generator/gnativebmg.native_blk_mem_gen/valid.cstr/ramloop[0].ram.r/s6_init.ram/SP.SIMPLE_PRIM18.ram
    Location             Delay type         Delay(ns)  Physical Resource
                                                       Logical Resource(s)
    -------------------------------------------------  -------------------
    SLICE_X55Y130.AQ     Tcko                  0.391   display_value<3>
                                                       display_value_2
    SLICE_X62Y127.A5     net (fanout=1)        0.833   display_value<2>
    SLICE_X62Y127.A      Tilo                  0.205   lcd_module/lcd_draw_module/Mmux_draw_char121
                                                       lcd_module/lcd_draw_module/Mmux_draw_char122
    SLICE_X68Y137.D6     net (fanout=1)        1.388   lcd_module/lcd_draw_module/Mmux_draw_char121
    SLICE_X68Y137.CMUX   Topdc                 0.368   lcd_module/lcd_draw_module/Mmux_draw_char124
                                                       lcd_module/lcd_draw_module/Mmux_draw_char124_F
                                                       lcd_module/lcd_draw_module/Mmux_draw_char124
    SLICE_X68Y137.A2     net (fanout=1)        0.624   lcd_module/lcd_draw_module/Mmux_draw_char123
    SLICE_X68Y137.A      Tilo                  0.203   lcd_module/lcd_draw_module/Mmux_draw_char124
                                                       lcd_module/lcd_draw_module/Mmux_draw_char128
    SLICE_X68Y143.D1     net (fanout=5)        1.131   lcd_module/lcd_draw_module/Madd_GND_3_o_PWR_3_o_add_128_OUT_lut<2>
    SLICE_X68Y143.D      Tilo                  0.203   lcd_module/N10
                                                       lcd_module/lcd_draw_module/GND_3_o_draw_char[7]_AND_36_o_SW0
    SLICE_X68Y143.C6     net (fanout=1)        0.118   lcd_module/N10
    SLICE_X68Y143.C      Tilo                  0.204   lcd_module/N10
                                                       lcd_module/lcd_draw_module/GND_3_o_draw_char[7]_AND_36_o
    SLICE_X69Y147.B5     net (fanout=3)        0.585   lcd_module/lcd_draw_module/GND_3_o_draw_char[7]_AND_36_o
    SLICE_X69Y147.B      Tilo                  0.259   lcd_module/rom_addr<7>
                                                       lcd_module/lcd_draw_module/Mmux_draw_rom_pc1621
    SLICE_X69Y147.A5     net (fanout=3)        0.197   lcd_module/lcd_draw_module/Mmux_draw_rom_pc162
    SLICE_X69Y147.A      Tilo                  0.259   lcd_module/rom_addr<7>
                                                       lcd_module/lcd_draw_module/Mmux_draw_rom_pc2021
    SLICE_X69Y145.B1     net (fanout=2)        1.315   lcd_module/lcd_draw_module/Mmux_draw_rom_pc202
    SLICE_X69Y145.B      Tilo                  0.259   lcd_module/lcd_draw_module/Mmux_draw_char202
                                                       lcd_module/Mmux_rom_addr99
    RAMB16_X3Y74.ADDRA12 net (fanout=2)        1.216   lcd_module/rom_addr<8>
    RAMB16_X3Y74.CLKA    Trcck_ADDRA           0.350   lcd_module/lcd_rom_module/U0/xst_blk_mem_generator/gnativebmg.native_blk_mem_gen/valid.cstr/ramloop[0].ram.r/s6_init.ram/SP.SIMPLE_PRIM18.ram
                                                       lcd_module/lcd_rom_module/U0/xst_blk_mem_generator/gnativebmg.native_blk_mem_gen/valid.cstr/ramloop[0].ram.r/s6_init.ram/SP.SIMPLE_PRIM18.ram
    -------------------------------------------------  ---------------------------
    Total                                     10.108ns (2.701ns logic, 7.407ns route)
                                                       (26.7% logic, 73.3% route)

--------------------------------------------------------------------------------
Slack (setup path):     89.657ns (requirement - (data path - clock path skew + uncertainty))
  Source:               display_value_18 (FF)
  Destination:          lcd_module/lcd_rom_module/U0/xst_blk_mem_generator/gnativebmg.native_blk_mem_gen/valid.cstr/ramloop[0].ram.r/s6_init.ram/SP.SIMPLE_PRIM18.ram (RAM)
  Requirement:          100.000ns
  Data Path Delay:      10.030ns (Levels of Logic = 8)
  Clock Path Skew:      -0.278ns (0.610 - 0.888)
  Source Clock:         clk_BUFGP rising at 0.000ns
  Destination Clock:    clk_BUFGP rising at 100.000ns
  Clock Uncertainty:    0.035ns

  Clock Uncertainty:          0.035ns  ((TSJ^2 + TIJ^2)^1/2 + DJ) / 2 + PE
    Total System Jitter (TSJ):  0.070ns
    Total Input Jitter (TIJ):   0.000ns
    Discrete Jitter (DJ):       0.000ns
    Phase Error (PE):           0.000ns

  Maximum Data Path at Slow Process Corner: display_value_18 to lcd_module/lcd_rom_module/U0/xst_blk_mem_generator/gnativebmg.native_blk_mem_gen/valid.cstr/ramloop[0].ram.r/s6_init.ram/SP.SIMPLE_PRIM18.ram
    Location             Delay type         Delay(ns)  Physical Resource
                                                       Logical Resource(s)
    -------------------------------------------------  -------------------
    SLICE_X67Y121.AQ     Tcko                  0.391   display_value<19>
                                                       display_value_18
    SLICE_X62Y127.A6     net (fanout=1)        0.755   display_value<18>
    SLICE_X62Y127.A      Tilo                  0.205   lcd_module/lcd_draw_module/Mmux_draw_char121
                                                       lcd_module/lcd_draw_module/Mmux_draw_char122
    SLICE_X68Y137.D6     net (fanout=1)        1.388   lcd_module/lcd_draw_module/Mmux_draw_char121
    SLICE_X68Y137.CMUX   Topdc                 0.368   lcd_module/lcd_draw_module/Mmux_draw_char124
                                                       lcd_module/lcd_draw_module/Mmux_draw_char124_F
                                                       lcd_module/lcd_draw_module/Mmux_draw_char124
    SLICE_X68Y137.A2     net (fanout=1)        0.624   lcd_module/lcd_draw_module/Mmux_draw_char123
    SLICE_X68Y137.A      Tilo                  0.203   lcd_module/lcd_draw_module/Mmux_draw_char124
                                                       lcd_module/lcd_draw_module/Mmux_draw_char128
    SLICE_X68Y143.D1     net (fanout=5)        1.131   lcd_module/lcd_draw_module/Madd_GND_3_o_PWR_3_o_add_128_OUT_lut<2>
    SLICE_X68Y143.D      Tilo                  0.203   lcd_module/N10
                                                       lcd_module/lcd_draw_module/GND_3_o_draw_char[7]_AND_36_o_SW0
    SLICE_X68Y143.C6     net (fanout=1)        0.118   lcd_module/N10
    SLICE_X68Y143.C      Tilo                  0.204   lcd_module/N10
                                                       lcd_module/lcd_draw_module/GND_3_o_draw_char[7]_AND_36_o
    SLICE_X69Y147.B5     net (fanout=3)        0.585   lcd_module/lcd_draw_module/GND_3_o_draw_char[7]_AND_36_o
    SLICE_X69Y147.B      Tilo                  0.259   lcd_module/rom_addr<7>
                                                       lcd_module/lcd_draw_module/Mmux_draw_rom_pc1621
    SLICE_X69Y147.A5     net (fanout=3)        0.197   lcd_module/lcd_draw_module/Mmux_draw_rom_pc162
    SLICE_X69Y147.A      Tilo                  0.259   lcd_module/rom_addr<7>
                                                       lcd_module/lcd_draw_module/Mmux_draw_rom_pc2021
    SLICE_X69Y145.B1     net (fanout=2)        1.315   lcd_module/lcd_draw_module/Mmux_draw_rom_pc202
    SLICE_X69Y145.B      Tilo                  0.259   lcd_module/lcd_draw_module/Mmux_draw_char202
                                                       lcd_module/Mmux_rom_addr99
    RAMB16_X3Y74.ADDRA12 net (fanout=2)        1.216   lcd_module/rom_addr<8>
    RAMB16_X3Y74.CLKA    Trcck_ADDRA           0.350   lcd_module/lcd_rom_module/U0/xst_blk_mem_generator/gnativebmg.native_blk_mem_gen/valid.cstr/ramloop[0].ram.r/s6_init.ram/SP.SIMPLE_PRIM18.ram
                                                       lcd_module/lcd_rom_module/U0/xst_blk_mem_generator/gnativebmg.native_blk_mem_gen/valid.cstr/ramloop[0].ram.r/s6_init.ram/SP.SIMPLE_PRIM18.ram
    -------------------------------------------------  ---------------------------
    Total                                     10.030ns (2.701ns logic, 7.329ns route)
                                                       (26.9% logic, 73.1% route)

--------------------------------------------------------------------------------

Paths for end point lcd_module/lcd_rom_module/U0/xst_blk_mem_generator/gnativebmg.native_blk_mem_gen/valid.cstr/ramloop[1].ram.r/s6_init.ram/SP.SIMPLE_PRIM18.ram (RAMB16_X3Y76.ADDRA11), 260 paths
--------------------------------------------------------------------------------
Slack (setup path):     90.494ns (requirement - (data path - clock path skew + uncertainty))
  Source:               display_value_22 (FF)
  Destination:          lcd_module/lcd_rom_module/U0/xst_blk_mem_generator/gnativebmg.native_blk_mem_gen/valid.cstr/ramloop[1].ram.r/s6_init.ram/SP.SIMPLE_PRIM18.ram (RAM)
  Requirement:          100.000ns
  Data Path Delay:      9.362ns (Levels of Logic = 8)
  Clock Path Skew:      -0.109ns (0.608 - 0.717)
  Source Clock:         clk_BUFGP rising at 0.000ns
  Destination Clock:    clk_BUFGP rising at 100.000ns
  Clock Uncertainty:    0.035ns

  Clock Uncertainty:          0.035ns  ((TSJ^2 + TIJ^2)^1/2 + DJ) / 2 + PE
    Total System Jitter (TSJ):  0.070ns
    Total Input Jitter (TIJ):   0.000ns
    Discrete Jitter (DJ):       0.000ns
    Phase Error (PE):           0.000ns

  Maximum Data Path at Slow Process Corner: display_value_22 to lcd_module/lcd_rom_module/U0/xst_blk_mem_generator/gnativebmg.native_blk_mem_gen/valid.cstr/ramloop[1].ram.r/s6_init.ram/SP.SIMPLE_PRIM18.ram
    Location             Delay type         Delay(ns)  Physical Resource
                                                       Logical Resource(s)
    -------------------------------------------------  -------------------
    SLICE_X70Y125.AQ     Tcko                  0.408   display_value<23>
                                                       display_value_22
    SLICE_X62Y127.A3     net (fanout=1)        1.007   display_value<22>
    SLICE_X62Y127.A      Tilo                  0.205   lcd_module/lcd_draw_module/Mmux_draw_char121
                                                       lcd_module/lcd_draw_module/Mmux_draw_char122
    SLICE_X68Y137.D6     net (fanout=1)        1.388   lcd_module/lcd_draw_module/Mmux_draw_char121
    SLICE_X68Y137.CMUX   Topdc                 0.368   lcd_module/lcd_draw_module/Mmux_draw_char124
                                                       lcd_module/lcd_draw_module/Mmux_draw_char124_F
                                                       lcd_module/lcd_draw_module/Mmux_draw_char124
    SLICE_X68Y137.A2     net (fanout=1)        0.624   lcd_module/lcd_draw_module/Mmux_draw_char123
    SLICE_X68Y137.A      Tilo                  0.203   lcd_module/lcd_draw_module/Mmux_draw_char124
                                                       lcd_module/lcd_draw_module/Mmux_draw_char128
    SLICE_X68Y143.D1     net (fanout=5)        1.131   lcd_module/lcd_draw_module/Madd_GND_3_o_PWR_3_o_add_128_OUT_lut<2>
    SLICE_X68Y143.D      Tilo                  0.203   lcd_module/N10
                                                       lcd_module/lcd_draw_module/GND_3_o_draw_char[7]_AND_36_o_SW0
    SLICE_X68Y143.C6     net (fanout=1)        0.118   lcd_module/N10
    SLICE_X68Y143.C      Tilo                  0.204   lcd_module/N10
                                                       lcd_module/lcd_draw_module/GND_3_o_draw_char[7]_AND_36_o
    SLICE_X69Y147.B5     net (fanout=3)        0.585   lcd_module/lcd_draw_module/GND_3_o_draw_char[7]_AND_36_o
    SLICE_X69Y147.B      Tilo                  0.259   lcd_module/rom_addr<7>
                                                       lcd_module/lcd_draw_module/Mmux_draw_rom_pc1621
    SLICE_X69Y147.A5     net (fanout=3)        0.197   lcd_module/lcd_draw_module/Mmux_draw_rom_pc162
    SLICE_X69Y147.A      Tilo                  0.259   lcd_module/rom_addr<7>
                                                       lcd_module/lcd_draw_module/Mmux_draw_rom_pc2021
    SLICE_X69Y147.D3     net (fanout=2)        0.324   lcd_module/lcd_draw_module/Mmux_draw_rom_pc202
    SLICE_X69Y147.D      Tilo                  0.259   lcd_module/rom_addr<7>
                                                       lcd_module/Mmux_rom_addr89
    RAMB16_X3Y76.ADDRA11 net (fanout=2)        1.270   lcd_module/rom_addr<7>
    RAMB16_X3Y76.CLKA    Trcck_ADDRA           0.350   lcd_module/lcd_rom_module/U0/xst_blk_mem_generator/gnativebmg.native_blk_mem_gen/valid.cstr/ramloop[1].ram.r/s6_init.ram/SP.SIMPLE_PRIM18.ram
                                                       lcd_module/lcd_rom_module/U0/xst_blk_mem_generator/gnativebmg.native_blk_mem_gen/valid.cstr/ramloop[1].ram.r/s6_init.ram/SP.SIMPLE_PRIM18.ram
    -------------------------------------------------  ---------------------------
    Total                                      9.362ns (2.718ns logic, 6.644ns route)
                                                       (29.0% logic, 71.0% route)

--------------------------------------------------------------------------------
Slack (setup path):     90.586ns (requirement - (data path - clock path skew + uncertainty))
  Source:               display_value_2 (FF)
  Destination:          lcd_module/lcd_rom_module/U0/xst_blk_mem_generator/gnativebmg.native_blk_mem_gen/valid.cstr/ramloop[1].ram.r/s6_init.ram/SP.SIMPLE_PRIM18.ram (RAM)
  Requirement:          100.000ns
  Data Path Delay:      9.171ns (Levels of Logic = 8)
  Clock Path Skew:      -0.208ns (0.608 - 0.816)
  Source Clock:         clk_BUFGP rising at 0.000ns
  Destination Clock:    clk_BUFGP rising at 100.000ns
  Clock Uncertainty:    0.035ns

  Clock Uncertainty:          0.035ns  ((TSJ^2 + TIJ^2)^1/2 + DJ) / 2 + PE
    Total System Jitter (TSJ):  0.070ns
    Total Input Jitter (TIJ):   0.000ns
    Discrete Jitter (DJ):       0.000ns
    Phase Error (PE):           0.000ns

  Maximum Data Path at Slow Process Corner: display_value_2 to lcd_module/lcd_rom_module/U0/xst_blk_mem_generator/gnativebmg.native_blk_mem_gen/valid.cstr/ramloop[1].ram.r/s6_init.ram/SP.SIMPLE_PRIM18.ram
    Location             Delay type         Delay(ns)  Physical Resource
                                                       Logical Resource(s)
    -------------------------------------------------  -------------------
    SLICE_X55Y130.AQ     Tcko                  0.391   display_value<3>
                                                       display_value_2
    SLICE_X62Y127.A5     net (fanout=1)        0.833   display_value<2>
    SLICE_X62Y127.A      Tilo                  0.205   lcd_module/lcd_draw_module/Mmux_draw_char121
                                                       lcd_module/lcd_draw_module/Mmux_draw_char122
    SLICE_X68Y137.D6     net (fanout=1)        1.388   lcd_module/lcd_draw_module/Mmux_draw_char121
    SLICE_X68Y137.CMUX   Topdc                 0.368   lcd_module/lcd_draw_module/Mmux_draw_char124
                                                       lcd_module/lcd_draw_module/Mmux_draw_char124_F
                                                       lcd_module/lcd_draw_module/Mmux_draw_char124
    SLICE_X68Y137.A2     net (fanout=1)        0.624   lcd_module/lcd_draw_module/Mmux_draw_char123
    SLICE_X68Y137.A      Tilo                  0.203   lcd_module/lcd_draw_module/Mmux_draw_char124
                                                       lcd_module/lcd_draw_module/Mmux_draw_char128
    SLICE_X68Y143.D1     net (fanout=5)        1.131   lcd_module/lcd_draw_module/Madd_GND_3_o_PWR_3_o_add_128_OUT_lut<2>
    SLICE_X68Y143.D      Tilo                  0.203   lcd_module/N10
                                                       lcd_module/lcd_draw_module/GND_3_o_draw_char[7]_AND_36_o_SW0
    SLICE_X68Y143.C6     net (fanout=1)        0.118   lcd_module/N10
    SLICE_X68Y143.C      Tilo                  0.204   lcd_module/N10
                                                       lcd_module/lcd_draw_module/GND_3_o_draw_char[7]_AND_36_o
    SLICE_X69Y147.B5     net (fanout=3)        0.585   lcd_module/lcd_draw_module/GND_3_o_draw_char[7]_AND_36_o
    SLICE_X69Y147.B      Tilo                  0.259   lcd_module/rom_addr<7>
                                                       lcd_module/lcd_draw_module/Mmux_draw_rom_pc1621
    SLICE_X69Y147.A5     net (fanout=3)        0.197   lcd_module/lcd_draw_module/Mmux_draw_rom_pc162
    SLICE_X69Y147.A      Tilo                  0.259   lcd_module/rom_addr<7>
                                                       lcd_module/lcd_draw_module/Mmux_draw_rom_pc2021
    SLICE_X69Y147.D3     net (fanout=2)        0.324   lcd_module/lcd_draw_module/Mmux_draw_rom_pc202
    SLICE_X69Y147.D      Tilo                  0.259   lcd_module/rom_addr<7>
                                                       lcd_module/Mmux_rom_addr89
    RAMB16_X3Y76.ADDRA11 net (fanout=2)        1.270   lcd_module/rom_addr<7>
    RAMB16_X3Y76.CLKA    Trcck_ADDRA           0.350   lcd_module/lcd_rom_module/U0/xst_blk_mem_generator/gnativebmg.native_blk_mem_gen/valid.cstr/ramloop[1].ram.r/s6_init.ram/SP.SIMPLE_PRIM18.ram
                                                       lcd_module/lcd_rom_module/U0/xst_blk_mem_generator/gnativebmg.native_blk_mem_gen/valid.cstr/ramloop[1].ram.r/s6_init.ram/SP.SIMPLE_PRIM18.ram
    -------------------------------------------------  ---------------------------
    Total                                      9.171ns (2.701ns logic, 6.470ns route)
                                                       (29.5% logic, 70.5% route)

--------------------------------------------------------------------------------
Slack (setup path):     90.592ns (requirement - (data path - clock path skew + uncertainty))
  Source:               display_value_18 (FF)
  Destination:          lcd_module/lcd_rom_module/U0/xst_blk_mem_generator/gnativebmg.native_blk_mem_gen/valid.cstr/ramloop[1].ram.r/s6_init.ram/SP.SIMPLE_PRIM18.ram (RAM)
  Requirement:          100.000ns
  Data Path Delay:      9.093ns (Levels of Logic = 8)
  Clock Path Skew:      -0.280ns (0.608 - 0.888)
  Source Clock:         clk_BUFGP rising at 0.000ns
  Destination Clock:    clk_BUFGP rising at 100.000ns
  Clock Uncertainty:    0.035ns

  Clock Uncertainty:          0.035ns  ((TSJ^2 + TIJ^2)^1/2 + DJ) / 2 + PE
    Total System Jitter (TSJ):  0.070ns
    Total Input Jitter (TIJ):   0.000ns
    Discrete Jitter (DJ):       0.000ns
    Phase Error (PE):           0.000ns

  Maximum Data Path at Slow Process Corner: display_value_18 to lcd_module/lcd_rom_module/U0/xst_blk_mem_generator/gnativebmg.native_blk_mem_gen/valid.cstr/ramloop[1].ram.r/s6_init.ram/SP.SIMPLE_PRIM18.ram
    Location             Delay type         Delay(ns)  Physical Resource
                                                       Logical Resource(s)
    -------------------------------------------------  -------------------
    SLICE_X67Y121.AQ     Tcko                  0.391   display_value<19>
                                                       display_value_18
    SLICE_X62Y127.A6     net (fanout=1)        0.755   display_value<18>
    SLICE_X62Y127.A      Tilo                  0.205   lcd_module/lcd_draw_module/Mmux_draw_char121
                                                       lcd_module/lcd_draw_module/Mmux_draw_char122
    SLICE_X68Y137.D6     net (fanout=1)        1.388   lcd_module/lcd_draw_module/Mmux_draw_char121
    SLICE_X68Y137.CMUX   Topdc                 0.368   lcd_module/lcd_draw_module/Mmux_draw_char124
                                                       lcd_module/lcd_draw_module/Mmux_draw_char124_F
                                                       lcd_module/lcd_draw_module/Mmux_draw_char124
    SLICE_X68Y137.A2     net (fanout=1)        0.624   lcd_module/lcd_draw_module/Mmux_draw_char123
    SLICE_X68Y137.A      Tilo                  0.203   lcd_module/lcd_draw_module/Mmux_draw_char124
                                                       lcd_module/lcd_draw_module/Mmux_draw_char128
    SLICE_X68Y143.D1     net (fanout=5)        1.131   lcd_module/lcd_draw_module/Madd_GND_3_o_PWR_3_o_add_128_OUT_lut<2>
    SLICE_X68Y143.D      Tilo                  0.203   lcd_module/N10
                                                       lcd_module/lcd_draw_module/GND_3_o_draw_char[7]_AND_36_o_SW0
    SLICE_X68Y143.C6     net (fanout=1)        0.118   lcd_module/N10
    SLICE_X68Y143.C      Tilo                  0.204   lcd_module/N10
                                                       lcd_module/lcd_draw_module/GND_3_o_draw_char[7]_AND_36_o
    SLICE_X69Y147.B5     net (fanout=3)        0.585   lcd_module/lcd_draw_module/GND_3_o_draw_char[7]_AND_36_o
    SLICE_X69Y147.B      Tilo                  0.259   lcd_module/rom_addr<7>
                                                       lcd_module/lcd_draw_module/Mmux_draw_rom_pc1621
    SLICE_X69Y147.A5     net (fanout=3)        0.197   lcd_module/lcd_draw_module/Mmux_draw_rom_pc162
    SLICE_X69Y147.A      Tilo                  0.259   lcd_module/rom_addr<7>
                                                       lcd_module/lcd_draw_module/Mmux_draw_rom_pc2021
    SLICE_X69Y147.D3     net (fanout=2)        0.324   lcd_module/lcd_draw_module/Mmux_draw_rom_pc202
    SLICE_X69Y147.D      Tilo                  0.259   lcd_module/rom_addr<7>
                                                       lcd_module/Mmux_rom_addr89
    RAMB16_X3Y76.ADDRA11 net (fanout=2)        1.270   lcd_module/rom_addr<7>
    RAMB16_X3Y76.CLKA    Trcck_ADDRA           0.350   lcd_module/lcd_rom_module/U0/xst_blk_mem_generator/gnativebmg.native_blk_mem_gen/valid.cstr/ramloop[1].ram.r/s6_init.ram/SP.SIMPLE_PRIM18.ram
                                                       lcd_module/lcd_rom_module/U0/xst_blk_mem_generator/gnativebmg.native_blk_mem_gen/valid.cstr/ramloop[1].ram.r/s6_init.ram/SP.SIMPLE_PRIM18.ram
    -------------------------------------------------  ---------------------------
    Total                                      9.093ns (2.701ns logic, 6.392ns route)
                                                       (29.7% logic, 70.3% route)

--------------------------------------------------------------------------------

Hold Paths: TS_clk = PERIOD TIMEGRP "clk" 100 ns HIGH 50%;
--------------------------------------------------------------------------------

Paths for end point wdata_8 (SLICE_X55Y134.AX), 1 path
--------------------------------------------------------------------------------
Slack (hold path):      0.398ns (requirement - (clock path skew + uncertainty - data path))
  Source:               lcd_module/touch_module/input_value_8 (FF)
  Destination:          wdata_8 (FF)
  Requirement:          0.000ns
  Data Path Delay:      0.400ns (Levels of Logic = 0)
  Clock Path Skew:      0.002ns (0.034 - 0.032)
  Source Clock:         clk_BUFGP rising at 100.000ns
  Destination Clock:    clk_BUFGP rising at 100.000ns
  Clock Uncertainty:    0.000ns

  Minimum Data Path at Fast Process Corner: lcd_module/touch_module/input_value_8 to wdata_8
    Location             Delay type         Delay(ns)  Physical Resource
                                                       Logical Resource(s)
    -------------------------------------------------  -------------------
    SLICE_X54Y134.AQ     Tcko                  0.200   input_value<11>
                                                       lcd_module/touch_module/input_value_8
    SLICE_X55Y134.AX     net (fanout=3)        0.141   input_value<8>
    SLICE_X55Y134.CLK    Tckdi       (-Th)    -0.059   wdata<11>
                                                       wdata_8
    -------------------------------------------------  ---------------------------
    Total                                      0.400ns (0.259ns logic, 0.141ns route)
                                                       (64.8% logic, 35.3% route)

--------------------------------------------------------------------------------

Paths for end point wdata_16 (SLICE_X58Y134.AX), 1 path
--------------------------------------------------------------------------------
Slack (hold path):      0.398ns (requirement - (clock path skew + uncertainty - data path))
  Source:               lcd_module/touch_module/input_value_16 (FF)
  Destination:          wdata_16 (FF)
  Requirement:          0.000ns
  Data Path Delay:      0.400ns (Levels of Logic = 0)
  Clock Path Skew:      0.002ns (0.033 - 0.031)
  Source Clock:         clk_BUFGP rising at 100.000ns
  Destination Clock:    clk_BUFGP rising at 100.000ns
  Clock Uncertainty:    0.000ns

  Minimum Data Path at Fast Process Corner: lcd_module/touch_module/input_value_16 to wdata_16
    Location             Delay type         Delay(ns)  Physical Resource
                                                       Logical Resource(s)
    -------------------------------------------------  -------------------
    SLICE_X59Y134.AQ     Tcko                  0.198   input_value<19>
                                                       lcd_module/touch_module/input_value_16
    SLICE_X58Y134.AX     net (fanout=3)        0.154   input_value<16>
    SLICE_X58Y134.CLK    Tckdi       (-Th)    -0.048   wdata<19>
                                                       wdata_16
    -------------------------------------------------  ---------------------------
    Total                                      0.400ns (0.246ns logic, 0.154ns route)
                                                       (61.5% logic, 38.5% route)

--------------------------------------------------------------------------------

Paths for end point wdata_10 (SLICE_X55Y134.CX), 1 path
--------------------------------------------------------------------------------
Slack (hold path):      0.401ns (requirement - (clock path skew + uncertainty - data path))
  Source:               lcd_module/touch_module/input_value_10 (FF)
  Destination:          wdata_10 (FF)
  Requirement:          0.000ns
  Data Path Delay:      0.403ns (Levels of Logic = 0)
  Clock Path Skew:      0.002ns (0.034 - 0.032)
  Source Clock:         clk_BUFGP rising at 100.000ns
  Destination Clock:    clk_BUFGP rising at 100.000ns
  Clock Uncertainty:    0.000ns

  Minimum Data Path at Fast Process Corner: lcd_module/touch_module/input_value_10 to wdata_10
    Location             Delay type         Delay(ns)  Physical Resource
                                                       Logical Resource(s)
    -------------------------------------------------  -------------------
    SLICE_X54Y134.CQ     Tcko                  0.200   input_value<11>
                                                       lcd_module/touch_module/input_value_10
    SLICE_X55Y134.CX     net (fanout=3)        0.144   input_value<10>
    SLICE_X55Y134.CLK    Tckdi       (-Th)    -0.059   wdata<11>
                                                       wdata_10
    -------------------------------------------------  ---------------------------
    Total                                      0.403ns (0.259ns logic, 0.144ns route)
                                                       (64.3% logic, 35.7% route)

--------------------------------------------------------------------------------

Component Switching Limit Checks: TS_clk = PERIOD TIMEGRP "clk" 100 ns HIGH 50%;
--------------------------------------------------------------------------------
Slack: 96.876ns (period - min period limit)
  Period: 100.000ns
  Min period limit: 3.124ns (320.102MHz) (Trper_CLKA(Fmax))
  Physical resource: lcd_module/lcd_rom_module/U0/xst_blk_mem_generator/gnativebmg.native_blk_mem_gen/valid.cstr/ramloop[0].ram.r/s6_init.ram/SP.SIMPLE_PRIM18.ram/CLKA
  Logical resource: lcd_module/lcd_rom_module/U0/xst_blk_mem_generator/gnativebmg.native_blk_mem_gen/valid.cstr/ramloop[0].ram.r/s6_init.ram/SP.SIMPLE_PRIM18.ram/CLKA
  Location pin: RAMB16_X3Y74.CLKA
  Clock network: clk_BUFGP
--------------------------------------------------------------------------------
Slack: 96.876ns (period - min period limit)
  Period: 100.000ns
  Min period limit: 3.124ns (320.102MHz) (Trper_CLKA(Fmax))
  Physical resource: lcd_module/lcd_rom_module/U0/xst_blk_mem_generator/gnativebmg.native_blk_mem_gen/valid.cstr/ramloop[1].ram.r/s6_init.ram/SP.SIMPLE_PRIM18.ram/CLKA
  Logical resource: lcd_module/lcd_rom_module/U0/xst_blk_mem_generator/gnativebmg.native_blk_mem_gen/valid.cstr/ramloop[1].ram.r/s6_init.ram/SP.SIMPLE_PRIM18.ram/CLKA
  Location pin: RAMB16_X3Y76.CLKA
  Clock network: clk_BUFGP
--------------------------------------------------------------------------------
Slack: 98.270ns (period - min period limit)
  Period: 100.000ns
  Min period limit: 1.730ns (578.035MHz) (Tbcper_I)
  Physical resource: clk_BUFGP/BUFG/I0
  Logical resource: clk_BUFGP/BUFG/I0
  Location pin: BUFGMUX_X2Y10.I0
  Clock network: clk_BUFGP/IBUFG
--------------------------------------------------------------------------------


All constraints were met.


Data Sheet report:
-----------------
All values displayed in nanoseconds (ns)

Clock to Setup on destination clock clk
---------------+---------+---------+---------+---------+
               | Src:Rise| Src:Fall| Src:Rise| Src:Fall|
Source Clock   |Dest:Rise|Dest:Rise|Dest:Fall|Dest:Fall|
---------------+---------+---------+---------+---------+
clk            |   10.684|         |         |         |
---------------+---------+---------+---------+---------+


Timing summary:
---------------

Timing errors: 0  Score: 0  (Setup/Max: 0, Hold: 0)

Constraints cover 18246 paths, 0 nets, and 9292 connections

Design statistics:
   Minimum period:  10.684ns{1}   (Maximum frequency:  93.598MHz)


------------------------------------Footnotes-----------------------------------
1)  The minimum period statistic assumes all single cycle delays.

Analysis completed Fri Jun 09 20:42:43 2017 
--------------------------------------------------------------------------------

Trace Settings:
-------------------------
Trace Settings 

Peak Memory Usage: 399 MB



